[2025-08-25 13:25:55,471] INFO - Splitting training and test input data
[2025-08-25 13:26:04,460] INFO - Best Model Found: Logistic Regression with Accuracy: -0.6666666666666665
[2025-08-25 13:44:50,507] INFO - Splitting training and test input data
[2025-08-25 13:44:59,450] INFO - Best Model Found: Logistic Regression with Accuracy: -0.6666666666666665
[2025-08-25 15:11:38,624] INFO - Training regression models for CLV prediction...
[2025-08-25 15:44:01,128] INFO - Splitting training and test input data
[2025-08-25 15:45:13,358] INFO - Splitting training and test input data
[2025-08-25 15:45:22,215] INFO - Best Model Found: Decision Tree with Accuracy: -0.6666666666666665
[2025-08-25 15:47:08,869] INFO - Splitting training and test input data
[2025-08-25 15:47:08,870] INFO - Tuning and training Decision Tree...
[2025-08-25 15:49:16,213] INFO - Splitting training and test input data
[2025-08-25 15:49:16,213] INFO - Tuning and training Decision Tree...
[2025-08-25 15:50:30,137] INFO - Splitting training and test input data
[2025-08-25 15:50:30,137] INFO - Tuning and training Decision Tree...
[2025-08-25 15:50:30,211] INFO - Tuning and training Random Forest...
[2025-08-25 15:50:31,411] INFO - Tuning and training Gradient Boosting...
[2025-08-25 15:50:32,124] INFO - Tuning and training SVM...
[2025-08-25 15:50:32,181] INFO - Tuning and training XGBoost...
[2025-08-25 15:50:32,957] INFO - Tuning and training CatBoost...
[2025-08-25 15:50:38,900] INFO - Best Model Found: Decision Tree with Accuracy: 0.6
[2025-08-25 15:51:16,727] INFO - Splitting training and test input data
[2025-08-25 15:51:16,727] INFO - Tuning and training Decision Tree...
[2025-08-25 15:51:16,794] INFO - Tuning and training Random Forest...
[2025-08-25 15:51:17,959] INFO - Tuning and training Gradient Boosting...
[2025-08-25 15:51:18,718] INFO - Tuning and training SVM...
[2025-08-25 15:51:18,776] INFO - Tuning and training XGBoost...
[2025-08-25 15:51:19,509] INFO - Tuning and training CatBoost...
[2025-08-25 15:51:25,539] INFO - Best Model Found: Decision Tree with Accuracy: 0.6
[2025-08-25 15:52:02,239] INFO - Splitting training and test input data
[2025-08-25 15:52:02,240] INFO - Tuning and training Logistic Regression...
[2025-08-25 15:52:02,297] INFO - Tuning and training Decision Tree...
[2025-08-25 15:52:02,365] INFO - Tuning and training Random Forest...
[2025-08-25 15:52:03,471] INFO - Tuning and training Gradient Boosting...
[2025-08-25 15:52:04,194] INFO - Tuning and training SVM...
[2025-08-25 15:52:04,250] INFO - Tuning and training XGBoost...
[2025-08-25 15:52:04,944] INFO - Tuning and training CatBoost...
[2025-08-25 15:52:10,748] INFO - Best Model Found: Logistic Regression with Accuracy: 0.6
